<?xml version="1.0" encoding="UTF-8"?>
<testsuite xmlns:xsi="http://www.w3.org/2001/XMLSchema-instance" xsi:noNamespaceSchemaLocation="https://maven.apache.org/surefire/maven-surefire-plugin/xsd/surefire-test-report-3.0.xsd" version="3.0" name="com.example.RunCucumberTest" time="0.071" tests="8" errors="0" skipped="0" failures="0">
  <properties>
[...]
</properties>
  <testcase name="Search for books by author" classname="Book Search" time="0.024">
    <system-out><![CDATA[
Scenario: Search for books by author               &amp#27;[90m# com/example/example.feature:11&amp#27;[0m
  &amp#27;[32mGiven &amp#27;[0m&amp#27;[32man empty book database&amp#27;[0m                     &amp#27;[90m# com.example.StepDefinitions.anEmptyBookDatabase()&amp#27;[0m
  &amp#27;[32mGiven &amp#27;[0m&amp#27;[32mthe following books exist:&amp#27;[0m                 &amp#27;[90m# com.example.StepDefinitions.theFollowingBooksExist(io.cucumber.datatable.DataTable)&amp#27;[0m
    | title                         | author          | category | published  |
    | Harry Potter and the Sorcerer | J.K. Rowling    | Fantasy  | 1997-06-26 |
    | A Brief History of Time       | Stephen Hawking | Science  | 1988-04-01 |
  &amp#27;[32mWhen &amp#27;[0m&amp#27;[32mI search for books by author &amp#27;[0m&amp#27;[32m&amp#27;[1m"J.K. Rowling"&amp#27;[0m &amp#27;[90m# com.example.StepDefinitions.iSearchForBooksByAuthor(java.lang.String)&amp#27;[0m
  &amp#27;[32mThen &amp#27;[0m&amp#27;[32mI should see &amp#27;[0m&amp#27;[32m&amp#27;[1m1&amp#27;[0m&amp#27;[32m book(s) in the results&amp#27;[0m       &amp#27;[90m# com.example.StepDefinitions.iShouldSeeNumberBooksInTheResults(java.lang.Integer)&amp#27;[0m
  &amp#27;[32mAnd &amp#27;[0m&amp#27;[32meach book should have author &amp#27;[0m&amp#27;[32m&amp#27;[1m"J.K. Rowling"&amp#27;[0m  &amp#27;[90m# com.example.StepDefinitions.eachBookShouldHaveAuthor(java.lang.String)&amp#27;[0m
]]></system-out>
  </testcase>
  <testcase name="Search for books by category" classname="Book Search" time="0.004">
    <system-out><![CDATA[
Scenario: Search for books by category              &amp#27;[90m# com/example/example.feature:20&amp#27;[0m
  &amp#27;[32mGiven &amp#27;[0m&amp#27;[32man empty book database&amp#27;[0m                      &amp#27;[90m# com.example.StepDefinitions.anEmptyBookDatabase()&amp#27;[0m
  &amp#27;[32mGiven &amp#27;[0m&amp#27;[32mthe following books exist:&amp#27;[0m                  &amp#27;[90m# com.example.StepDefinitions.theFollowingBooksExist(io.cucumber.datatable.DataTable)&amp#27;[0m
    | title      | author         | category | published  |
    | The Hobbit | J.R.R. Tolkien | Fantasy  | 1937-09-21 |
    | Dune       | Frank Herbert  | Sci-Fi   | 1965-08-01 |
  &amp#27;[32mWhen &amp#27;[0m&amp#27;[32mI search for books in the &amp#27;[0m&amp#27;[32m&amp#27;[1m"Fantasy"&amp#27;[0m&amp#27;[32m category&amp#27;[0m &amp#27;[90m# com.example.StepDefinitions.iSearchForBooksInTheCategory(java.lang.String)&amp#27;[0m
  &amp#27;[32mThen &amp#27;[0m&amp#27;[32mI should see &amp#27;[0m&amp#27;[32m&amp#27;[1m1&amp#27;[0m&amp#27;[32m book(s) in the results&amp#27;[0m        &amp#27;[90m# com.example.StepDefinitions.iShouldSeeNumberBooksInTheResults(java.lang.Integer)&amp#27;[0m
  &amp#27;[32mAnd &amp#27;[0m&amp#27;[32meach book should be in category &amp#27;[0m&amp#27;[32m&amp#27;[1m"Fantasy"&amp#27;[0m     &amp#27;[90m# com.example.StepDefinitions.eachBookShouldBeInCategory(java.lang.String)&amp#27;[0m
]]></system-out>
  </testcase>
  <testcase name="Search for books with no results" classname="Book Search" time="0.002">
    <system-out><![CDATA[
Scenario: Search for books with no results           &amp#27;[90m# com/example/example.feature:29&amp#27;[0m
  &amp#27;[32mGiven &amp#27;[0m&amp#27;[32man empty book database&amp#27;[0m                       &amp#27;[90m# com.example.StepDefinitions.anEmptyBookDatabase()&amp#27;[0m
  &amp#27;[32mGiven &amp#27;[0m&amp#27;[32mthe following books exist:&amp#27;[0m                   &amp#27;[90m# com.example.StepDefinitions.theFollowingBooksExist(io.cucumber.datatable.DataTable)&amp#27;[0m
    | title     | author      | category | published  |
    | Some Book | Some Author | Misc     | 2000-01-01 |
  &amp#27;[32mWhen &amp#27;[0m&amp#27;[32mI search for books by author &amp#27;[0m&amp#27;[32m&amp#27;[1m"Unknown Author"&amp#27;[0m &amp#27;[90m# com.example.StepDefinitions.iSearchForBooksByAuthor(java.lang.String)&amp#27;[0m
  &amp#27;[32mThen &amp#27;[0m&amp#27;[32mI should see &amp#27;[0m&amp#27;[32m&amp#27;[1m0&amp#27;[0m&amp#27;[32m book(s) in the results&amp#27;[0m         &amp#27;[90m# com.example.StepDefinitions.iShouldSeeNumberBooksInTheResults(java.lang.Integer)&amp#27;[0m
]]></system-out>
  </testcase>
  <testcase name="Search for books by title (exact)" classname="Book Search" time="0.004">
    <system-out><![CDATA[
Scenario: Search for books by title (exact)                  &amp#27;[90m# com/example/example.feature:36&amp#27;[0m
  &amp#27;[32mGiven &amp#27;[0m&amp#27;[32man empty book database&amp#27;[0m                               &amp#27;[90m# com.example.StepDefinitions.anEmptyBookDatabase()&amp#27;[0m
  &amp#27;[32mGiven &amp#27;[0m&amp#27;[32mthe following books exist:&amp#27;[0m                           &amp#27;[90m# com.example.StepDefinitions.theFollowingBooksExist(io.cucumber.datatable.DataTable)&amp#27;[0m
    | title      | author         | category | published  |
    | The Hobbit | J.R.R. Tolkien | Fantasy  | 1937-09-21 |
  &amp#27;[32mWhen &amp#27;[0m&amp#27;[32mI search for books with the title &amp#27;[0m&amp#27;[32m&amp#27;[1m"The Hobbit"&amp#27;[0m        &amp#27;[90m# com.example.StepDefinitions.iSearchForBooksWithTheTitle(java.lang.String)&amp#27;[0m
  &amp#27;[32mThen &amp#27;[0m&amp#27;[32mI should see &amp#27;[0m&amp#27;[32m&amp#27;[1m1&amp#27;[0m&amp#27;[32m book(s) in the results&amp#27;[0m                 &amp#27;[90m# com.example.StepDefinitions.iShouldSeeNumberBooksInTheResults(java.lang.Integer)&amp#27;[0m
  &amp#27;[32mAnd &amp#27;[0m&amp#27;[32mthe result should contain the book titled &amp#27;[0m&amp#27;[32m&amp#27;[1m"The Hobbit"&amp#27;[0m &amp#27;[90m# com.example.StepDefinitions.theResultShouldContainTheBookTitled(java.lang.String)&amp#27;[0m
]]></system-out>
  </testcase>
  <testcase name="Search for books by partial title" classname="Book Search" time="0.002">
    <system-out><![CDATA[
Scenario: Search for books by partial title                             &amp#27;[90m# com/example/example.feature:44&amp#27;[0m
  &amp#27;[32mGiven &amp#27;[0m&amp#27;[32man empty book database&amp#27;[0m                                          &amp#27;[90m# com.example.StepDefinitions.anEmptyBookDatabase()&amp#27;[0m
  &amp#27;[32mGiven &amp#27;[0m&amp#27;[32mthe following books exist:&amp#27;[0m                                      &amp#27;[90m# com.example.StepDefinitions.theFollowingBooksExist(io.cucumber.datatable.DataTable)&amp#27;[0m
    | title                 | author         | category | published  |
    | The Lord of the Rings | J.R.R. Tolkien | Fantasy  | 1954-07-29 |
  &amp#27;[32mWhen &amp#27;[0m&amp#27;[32mI search for books with the title containing &amp#27;[0m&amp#27;[32m&amp#27;[1m"Lord"&amp#27;[0m              &amp#27;[90m# com.example.StepDefinitions.iSearchForBooksWithTheTitleContaining(java.lang.String)&amp#27;[0m
  &amp#27;[32mThen &amp#27;[0m&amp#27;[32mI should see &amp#27;[0m&amp#27;[32m&amp#27;[1m1&amp#27;[0m&amp#27;[32m book(s) in the results&amp#27;[0m                            &amp#27;[90m# com.example.StepDefinitions.iShouldSeeNumberBooksInTheResults(java.lang.Integer)&amp#27;[0m
  &amp#27;[32mAnd &amp#27;[0m&amp#27;[32mthe result should contain the book titled &amp#27;[0m&amp#27;[32m&amp#27;[1m"The Lord of the Rings"&amp#27;[0m &amp#27;[90m# com.example.StepDefinitions.theResultShouldContainTheBookTitled(java.lang.String)&amp#27;[0m
]]></system-out>
  </testcase>
  <testcase name="Search for books by multiple criteria" classname="Book Search" time="0.003">
    <system-out><![CDATA[
Scenario: Search for books by multiple criteria                              &amp#27;[90m# com/example/example.feature:52&amp#27;[0m
  &amp#27;[32mGiven &amp#27;[0m&amp#27;[32man empty book database&amp#27;[0m                                               &amp#27;[90m# com.example.StepDefinitions.anEmptyBookDatabase()&amp#27;[0m
  &amp#27;[32mGiven &amp#27;[0m&amp#27;[32mthe following books exist:&amp#27;[0m                                           &amp#27;[90m# com.example.StepDefinitions.theFollowingBooksExist(io.cucumber.datatable.DataTable)&amp#27;[0m
    | title       | author        | category  | published  |
    | 1984        | George Orwell | Dystopian | 1949-06-08 |
    | Animal Farm | George Orwell | Satire    | 1945-08-17 |
  &amp#27;[32mWhen &amp#27;[0m&amp#27;[32mI search for books by author &amp#27;[0m&amp#27;[32m&amp#27;[1m"George Orwell"&amp#27;[0m&amp#27;[32m and category &amp#27;[0m&amp#27;[32m&amp#27;[1m"Dystopian"&amp#27;[0m &amp#27;[90m# com.example.StepDefinitions.iSearchForBooksByAuthorAndCategory(java.lang.String,java.lang.String)&amp#27;[0m
  &amp#27;[32mThen &amp#27;[0m&amp#27;[32mI should see &amp#27;[0m&amp#27;[32m&amp#27;[1m1&amp#27;[0m&amp#27;[32m book(s) in the results&amp#27;[0m                                 &amp#27;[90m# com.example.StepDefinitions.iShouldSeeNumberBooksInTheResults(java.lang.Integer)&amp#27;[0m
]]></system-out>
  </testcase>
  <testcase name="Search books published between two dates" classname="Book Search" time="0.003">
    <system-out><![CDATA[
Scenario: Search books published between two dates                                 &amp#27;[90m# com/example/example.feature:60&amp#27;[0m
  &amp#27;[32mGiven &amp#27;[0m&amp#27;[32man empty book database&amp#27;[0m                                                     &amp#27;[90m# com.example.StepDefinitions.anEmptyBookDatabase()&amp#27;[0m
  &amp#27;[32mGiven &amp#27;[0m&amp#27;[32mthe following books exist:&amp#27;[0m                                                 &amp#27;[90m# com.example.StepDefinitions.theFollowingBooksExist(io.cucumber.datatable.DataTable)&amp#27;[0m
    | title            | author        | category | published  |
    | Old Book         | Old Author    | History  | 1900-01-01 |
    | Mid Century Book | Mid Author    | History  | 1955-05-05 |
    | Modern Book      | Modern Author | History  | 2005-09-09 |
  &amp#27;[32mWhen &amp#27;[0m&amp#27;[32mthe customer searches for books published between &amp#27;[0m&amp#27;[32m&amp#27;[1m1950-01-01&amp#27;[0m&amp#27;[32m and &amp#27;[0m&amp#27;[32m&amp#27;[1m2010-12-31&amp#27;[0m &amp#27;[90m# com.example.StepDefinitions.theCustomerSearchesForBooksPublishedBetween(java.time.LocalDate,java.time.LocalDate)&amp#27;[0m
  &amp#27;[32mThen &amp#27;[0m&amp#27;[32mI should see &amp#27;[0m&amp#27;[32m&amp#27;[1m2&amp#27;[0m&amp#27;[32m book(s) in the results&amp#27;[0m                                       &amp#27;[90m# com.example.StepDefinitions.iShouldSeeNumberBooksInTheResults(java.lang.Integer)&amp#27;[0m
]]></system-out>
  </testcase>
  <testcase name="Populate using DataTable and filter by date range" classname="Book Search" time="0.002">
    <system-out><![CDATA[
Scenario: Populate using DataTable and filter by date range                        &amp#27;[90m# com/example/example.feature:69&amp#27;[0m
  &amp#27;[32mGiven &amp#27;[0m&amp#27;[32man empty book database&amp#27;[0m                                                     &amp#27;[90m# com.example.StepDefinitions.anEmptyBookDatabase()&amp#27;[0m
  &amp#27;[32mGiven &amp#27;[0m&amp#27;[32mthe following books exist:&amp#27;[0m                                                 &amp#27;[90m# com.example.StepDefinitions.theFollowingBooksExist(io.cucumber.datatable.DataTable)&amp#27;[0m
    | title           | author     | category | published  |
    | One good book   | Anonymous  | Fiction  | 2013-03-12 |
    | Some other book | Tim Tomson | Fiction  | 2020-08-23 |
  &amp#27;[32mWhen &amp#27;[0m&amp#27;[32mthe customer searches for books published between &amp#27;[0m&amp#27;[32m&amp#27;[1m2010-01-01&amp#27;[0m&amp#27;[32m and &amp#27;[0m&amp#27;[32m&amp#27;[1m2015-12-31&amp#27;[0m &amp#27;[90m# com.example.StepDefinitions.theCustomerSearchesForBooksPublishedBetween(java.time.LocalDate,java.time.LocalDate)&amp#27;[0m
  &amp#27;[32mThen &amp#27;[0m&amp#27;[32mI should see &amp#27;[0m&amp#27;[32m&amp#27;[1m1&amp#27;[0m&amp#27;[32m book(s) in the results&amp#27;[0m                                       &amp#27;[90m# com.example.StepDefinitions.iShouldSeeNumberBooksInTheResults(java.lang.Integer)&amp#27;[0m
]]></system-out>
  </testcase>
</testsuite>