<?xml version="1.0" encoding="UTF-8"?>
<testsuite xmlns:xsi="http://www.w3.org/2001/XMLSchema-instance" xsi:noNamespaceSchemaLocation="https://maven.apache.org/surefire/maven-surefire-plugin/xsd/surefire-test-report-3.0.xsd" version="3.0" name="com.example.RunCucumberTest" time="0.06" tests="8" errors="0" skipped="0" failures="0">
  <properties>
[...]
</properties>
  <testcase name="add numbers" classname="Basic Arithmetic" time="0.022">
    <system-out><![CDATA[
Scenario: add numbers                 &amp#27;[90m# com/example/calculator.feature:5&amp#27;[0m
Calculator is turned on
  &amp#27;[32mGiven &amp#27;[0m&amp#27;[32ma calculator I just turned on&amp#27;[0m &amp#27;[90m# com.example.StepDefinitions.a_calculator_i_just_turned_on()&amp#27;[0m
Adding 1 and 2
  &amp#27;[32mWhen &amp#27;[0m&amp#27;[32mI add &amp#27;[0m&amp#27;[32m&amp#27;[1m1&amp#27;[0m&amp#27;[32m and &amp#27;[0m&amp#27;[32m&amp#27;[1m2&amp#27;[0m                  &amp#27;[90m# com.example.StepDefinitions.i_add_and(java.lang.Integer,java.lang.Integer)&amp#27;[0m
The result is 3
  &amp#27;[32mThen &amp#27;[0m&amp#27;[32mthe result is &amp#27;[0m&amp#27;[32m&amp#27;[1m3&amp#27;[0m                &amp#27;[90m# com.example.StepDefinitions.the_result_is(java.lang.Integer)&amp#27;[0m
]]></system-out>
  </testcase>
  <testcase name="Subtraction" classname="Basic Arithmetic" time="0.002">
    <system-out><![CDATA[
Scenario: Subtraction                 &amp#27;[90m# com/example/calculator.feature:9&amp#27;[0m
Calculator is turned on
  &amp#27;[32mGiven &amp#27;[0m&amp#27;[32ma calculator I just turned on&amp#27;[0m &amp#27;[90m# com.example.StepDefinitions.a_calculator_i_just_turned_on()&amp#27;[0m
Subtracting 2 from 7
  &amp#27;[32mWhen &amp#27;[0m&amp#27;[32mI subtract &amp#27;[0m&amp#27;[32m&amp#27;[1m7&amp#27;[0m&amp#27;[32m to &amp#27;[0m&amp#27;[32m&amp#27;[1m2&amp#27;[0m              &amp#27;[90m# com.example.StepDefinitions.i_subtract_to(java.lang.Integer,java.lang.Integer)&amp#27;[0m
The result is 5
  &amp#27;[32mThen &amp#27;[0m&amp#27;[32mthe result is &amp#27;[0m&amp#27;[32m&amp#27;[1m5&amp#27;[0m                &amp#27;[90m# com.example.StepDefinitions.the_result_is(java.lang.Integer)&amp#27;[0m
]]></system-out>
  </testcase>
  <testcase name="Multiply numbers" classname="Basic Arithmetic" time="0.001">
    <system-out><![CDATA[
Scenario: Multiply numbers            &amp#27;[90m# com/example/calculator.feature:13&amp#27;[0m
Calculator is turned on
  &amp#27;[32mGiven &amp#27;[0m&amp#27;[32ma calculator I just turned on&amp#27;[0m &amp#27;[90m# com.example.StepDefinitions.a_calculator_i_just_turned_on()&amp#27;[0m
Multiplying 3 by 4
  &amp#27;[32mWhen &amp#27;[0m&amp#27;[32mI multiply &amp#27;[0m&amp#27;[32m&amp#27;[1m3&amp#27;[0m&amp#27;[32m by &amp#27;[0m&amp#27;[32m&amp#27;[1m4&amp#27;[0m              &amp#27;[90m# com.example.StepDefinitions.i_multiply_by(java.lang.Integer,java.lang.Integer)&amp#27;[0m
The result is 12
  &amp#27;[32mThen &amp#27;[0m&amp#27;[32mthe result is &amp#27;[0m&amp#27;[32m&amp#27;[1m12&amp#27;[0m               &amp#27;[90m# com.example.StepDefinitions.the_result_is(java.lang.Integer)&amp#27;[0m
]]></system-out>
  </testcase>
  <testcase name="Divide numbers" classname="Basic Arithmetic" time="0.002">
    <system-out><![CDATA[
Scenario: Divide numbers              &amp#27;[90m# com/example/calculator.feature:17&amp#27;[0m
Calculator is turned on
  &amp#27;[32mGiven &amp#27;[0m&amp#27;[32ma calculator I just turned on&amp#27;[0m &amp#27;[90m# com.example.StepDefinitions.a_calculator_i_just_turned_on()&amp#27;[0m
Dividing 10 by 2
  &amp#27;[32mWhen &amp#27;[0m&amp#27;[32mI divide &amp#27;[0m&amp#27;[32m&amp#27;[1m10&amp#27;[0m&amp#27;[32m by &amp#27;[0m&amp#27;[32m&amp#27;[1m2&amp#27;[0m               &amp#27;[90m# com.example.StepDefinitions.i_divide_by(java.lang.Integer,java.lang.Integer)&amp#27;[0m
The result is 5
  &amp#27;[32mThen &amp#27;[0m&amp#27;[32mthe result is &amp#27;[0m&amp#27;[32m&amp#27;[1m5&amp#27;[0m                &amp#27;[90m# com.example.StepDefinitions.the_result_is(java.lang.Integer)&amp#27;[0m
]]></system-out>
  </testcase>
  <testcase name="Divide by zero" classname="Basic Arithmetic" time="0.002">
    <system-out><![CDATA[
Scenario: Divide by zero              &amp#27;[90m# com/example/calculator.feature:21&amp#27;[0m
Calculator is turned on
  &amp#27;[32mGiven &amp#27;[0m&amp#27;[32ma calculator I just turned on&amp#27;[0m &amp#27;[90m# com.example.StepDefinitions.a_calculator_i_just_turned_on()&amp#27;[0m
Division by zero is not allowed
  &amp#27;[32mWhen &amp#27;[0m&amp#27;[32mI divide &amp#27;[0m&amp#27;[32m&amp#27;[1m10&amp#27;[0m&amp#27;[32m by &amp#27;[0m&amp#27;[32m&amp#27;[1m0&amp#27;[0m               &amp#27;[90m# com.example.StepDefinitions.i_divide_by(java.lang.Integer,java.lang.Integer)&amp#27;[0m
The result is undefined due to division by zero.
  &amp#27;[32mThen &amp#27;[0m&amp#27;[32mthe result is undefined&amp#27;[0m        &amp#27;[90m# com.example.StepDefinitions.the_result_is_undefined()&amp#27;[0m
]]></system-out>
  </testcase>
  <testcase name="Example #1.1" classname="Single digits" time="0.001">
    <system-out><![CDATA[
Scenario Outline: Several additions   &amp#27;[90m# com/example/calculator.feature:30&amp#27;[0m
Calculator is turned on
  &amp#27;[32mGiven &amp#27;[0m&amp#27;[32ma calculator I just turned on&amp#27;[0m &amp#27;[90m# com.example.StepDefinitions.a_calculator_i_just_turned_on()&amp#27;[0m
Adding 1 and 2
  &amp#27;[32mWhen &amp#27;[0m&amp#27;[32mI add &amp#27;[0m&amp#27;[32m&amp#27;[1m1&amp#27;[0m&amp#27;[32m and &amp#27;[0m&amp#27;[32m&amp#27;[1m2&amp#27;[0m                  &amp#27;[90m# com.example.StepDefinitions.i_add_and(java.lang.Integer,java.lang.Integer)&amp#27;[0m
The result is 3
  &amp#27;[32mThen &amp#27;[0m&amp#27;[32mthe result is &amp#27;[0m&amp#27;[32m&amp#27;[1m3&amp#27;[0m                &amp#27;[90m# com.example.StepDefinitions.the_result_is(java.lang.Integer)&amp#27;[0m
]]></system-out>
  </testcase>
  <testcase name="Example #1.2" classname="Single digits" time="0.001">
    <system-out><![CDATA[
Scenario Outline: Several additions   &amp#27;[90m# com/example/calculator.feature:31&amp#27;[0m
Calculator is turned on
  &amp#27;[32mGiven &amp#27;[0m&amp#27;[32ma calculator I just turned on&amp#27;[0m &amp#27;[90m# com.example.StepDefinitions.a_calculator_i_just_turned_on()&amp#27;[0m
Adding 3 and 7
  &amp#27;[32mWhen &amp#27;[0m&amp#27;[32mI add &amp#27;[0m&amp#27;[32m&amp#27;[1m3&amp#27;[0m&amp#27;[32m and &amp#27;[0m&amp#27;[32m&amp#27;[1m7&amp#27;[0m                  &amp#27;[90m# com.example.StepDefinitions.i_add_and(java.lang.Integer,java.lang.Integer)&amp#27;[0m
The result is 10
  &amp#27;[32mThen &amp#27;[0m&amp#27;[32mthe result is &amp#27;[0m&amp#27;[32m&amp#27;[1m10&amp#27;[0m               &amp#27;[90m# com.example.StepDefinitions.the_result_is(java.lang.Integer)&amp#27;[0m
]]></system-out>
  </testcase>
  <testcase name="Example #1.3" classname="Single digits" time="0.001">
    <system-out><![CDATA[
Scenario Outline: Several additions   &amp#27;[90m# com/example/calculator.feature:32&amp#27;[0m
Calculator is turned on
  &amp#27;[32mGiven &amp#27;[0m&amp#27;[32ma calculator I just turned on&amp#27;[0m &amp#27;[90m# com.example.StepDefinitions.a_calculator_i_just_turned_on()&amp#27;[0m
Adding -3 and -4
  &amp#27;[32mWhen &amp#27;[0m&amp#27;[32mI add &amp#27;[0m&amp#27;[32m&amp#27;[1m-3&amp#27;[0m&amp#27;[32m and &amp#27;[0m&amp#27;[32m&amp#27;[1m-4&amp#27;[0m                &amp#27;[90m# com.example.StepDefinitions.i_add_and(java.lang.Integer,java.lang.Integer)&amp#27;[0m
The result is -7
  &amp#27;[32mThen &amp#27;[0m&amp#27;[32mthe result is &amp#27;[0m&amp#27;[32m&amp#27;[1m-7&amp#27;[0m               &amp#27;[90m# com.example.StepDefinitions.the_result_is(java.lang.Integer)&amp#27;[0m
]]></system-out>
  </testcase>
</testsuite>