<?xml version="1.0" encoding="UTF-8"?>
<testsuite xmlns:xsi="http://www.w3.org/2001/XMLSchema-instance" xsi:noNamespaceSchemaLocation="https://maven.apache.org/surefire/maven-surefire-plugin/xsd/surefire-test-report-3.0.xsd" version="3.0" name="com.example.RunCucumberTest" time="1.441" tests="4" errors="0" skipped="0" failures="0">
  <properties>
[...]
</properties>
  <testcase name="Search for books by author using the UI" classname="Web Book Search (fake online library)" time="1.182">
    <system-out><![CDATA[
Scenario: Search for books by author using the UI               &amp#27;[90m# com/example/library.feature:10&amp#27;[0m
  &amp#27;[32mGiven &amp#27;[0m&amp#27;[32mthe library webapp is open&amp#27;[0m                              &amp#27;[90m# com.example.StepDefinitions.theLibraryWebappIsOpen()&amp#27;[0m
  &amp#27;[32mGiven &amp#27;[0m&amp#27;[32mthe following books exist on the page:&amp#27;[0m                  &amp#27;[90m# com.example.StepDefinitions.theFollowingBooksExistOnThePage(io.cucumber.datatable.DataTable)&amp#27;[0m
    | title                         | author          | category | published  |
    | Harry Potter and the Sorcerer | J.K. Rowling    | Fantasy  | 1997-06-26 |
    | A Brief History of Time       | Stephen Hawking | Science  | 1988-04-01 |
  &amp#27;[32mWhen &amp#27;[0m&amp#27;[32mI search for books by author &amp#27;[0m&amp#27;[32m&amp#27;[1m"J.K. Rowling"&amp#27;[0m&amp#27;[32m using the UI&amp#27;[0m &amp#27;[90m# com.example.StepDefinitions.iSearchForBooksByAuthorUsingTheUI(java.lang.String)&amp#27;[0m
  &amp#27;[32mThen &amp#27;[0m&amp#27;[32mI should see &amp#27;[0m&amp#27;[32m&amp#27;[1m1&amp#27;[0m&amp#27;[32m result(s) in the UI&amp#27;[0m                       &amp#27;[90m# com.example.StepDefinitions.iShouldSeeResultsInTheUI(java.lang.Integer)&amp#27;[0m
]]></system-out>
    <system-err><![CDATA[SLF4J: No SLF4J providers were found.
SLF4J: Defaulting to no-operation (NOP) logger implementation
SLF4J: See https://www.slf4j.org/codes.html#noProviders for further details.
Starting ChromeDriver 142.0.7444.59 (4b8153ab58d3c3f4c9f7e4baad9616ecf80db5fa-refs/branch-heads/7444_52@{#4}) on port 11834
Only local connections are allowed.
Please see https://chromedriver.chromium.org/security-considerations for suggestions on keeping ChromeDriver safe.
ChromeDriver was started successfully on port 11834.
nov. 04, 2025 12:08:07 DA MANHÃ org.openqa.selenium.devtools.CdpVersionFinder findNearestMatch
WARNING: Unable to find CDP implementation matching 142
nov. 04, 2025 12:08:07 DA MANHÃ org.openqa.selenium.chromium.ChromiumDriver lambda$new$3
WARNING: Unable to find version of CDP to use for . You may need to include a dependency on a specific version of the CDP using something similar to `org.seleniumhq.selenium:selenium-devtools-v86:4.8.0` where the version ("v86") matches the version of the chromium-based browser you're using and the version number of the artifact is the same as Selenium's.
]]></system-err>
  </testcase>
  <testcase name="Search for books by category using the UI" classname="Web Book Search (fake online library)" time="0.072">
    <system-out><![CDATA[
Scenario: Search for books by category using the UI              &amp#27;[90m# com/example/library.feature:18&amp#27;[0m
  &amp#27;[32mGiven &amp#27;[0m&amp#27;[32mthe library webapp is open&amp#27;[0m                               &amp#27;[90m# com.example.StepDefinitions.theLibraryWebappIsOpen()&amp#27;[0m
  &amp#27;[32mGiven &amp#27;[0m&amp#27;[32mthe following books exist on the page:&amp#27;[0m                   &amp#27;[90m# com.example.StepDefinitions.theFollowingBooksExistOnThePage(io.cucumber.datatable.DataTable)&amp#27;[0m
    | title      | author         | category | published  |
    | The Hobbit | J.R.R. Tolkien | Fantasy  | 1937-09-21 |
    | Dune       | Frank Herbert  | Sci-Fi   | 1965-08-01 |
  &amp#27;[32mWhen &amp#27;[0m&amp#27;[32mI search for books in the &amp#27;[0m&amp#27;[32m&amp#27;[1m"Fantasy"&amp#27;[0m&amp#27;[32m category using the UI&amp#27;[0m &amp#27;[90m# com.example.StepDefinitions.iSearchForBooksInTheCategoryUsingTheUI(java.lang.String)&amp#27;[0m
  &amp#27;[32mThen &amp#27;[0m&amp#27;[32mI should see &amp#27;[0m&amp#27;[32m&amp#27;[1m1&amp#27;[0m&amp#27;[32m result(s) in the UI&amp#27;[0m                        &amp#27;[90m# com.example.StepDefinitions.iShouldSeeResultsInTheUI(java.lang.Integer)&amp#27;[0m
]]></system-out>
  </testcase>
  <testcase name="Search for books with no results using the UI" classname="Web Book Search (fake online library)" time="0.064">
    <system-out><![CDATA[
Scenario: Search for books with no results using the UI           &amp#27;[90m# com/example/library.feature:26&amp#27;[0m
  &amp#27;[32mGiven &amp#27;[0m&amp#27;[32mthe library webapp is open&amp#27;[0m                                &amp#27;[90m# com.example.StepDefinitions.theLibraryWebappIsOpen()&amp#27;[0m
  &amp#27;[32mGiven &amp#27;[0m&amp#27;[32mthe following books exist on the page:&amp#27;[0m                    &amp#27;[90m# com.example.StepDefinitions.theFollowingBooksExistOnThePage(io.cucumber.datatable.DataTable)&amp#27;[0m
    | title     | author      | category | published  |
    | Some Book | Some Author | Misc     | 2000-01-01 |
  &amp#27;[32mWhen &amp#27;[0m&amp#27;[32mI search for books by author &amp#27;[0m&amp#27;[32m&amp#27;[1m"Unknown Author"&amp#27;[0m&amp#27;[32m using the UI&amp#27;[0m &amp#27;[90m# com.example.StepDefinitions.iSearchForBooksByAuthorUsingTheUI(java.lang.String)&amp#27;[0m
  &amp#27;[32mThen &amp#27;[0m&amp#27;[32mI should see &amp#27;[0m&amp#27;[32m&amp#27;[1m0&amp#27;[0m&amp#27;[32m result(s) in the UI&amp#27;[0m                         &amp#27;[90m# com.example.StepDefinitions.iShouldSeeResultsInTheUI(java.lang.Integer)&amp#27;[0m
]]></system-out>
  </testcase>
  <testcase name="Search books published between two dates using the UI" classname="Web Book Search (fake online library)" time="0.088">
    <system-out><![CDATA[
Scenario: Search books published between two dates using the UI                    &amp#27;[90m# com/example/library.feature:33&amp#27;[0m
  &amp#27;[32mGiven &amp#27;[0m&amp#27;[32mthe library webapp is open&amp#27;[0m                                                 &amp#27;[90m# com.example.StepDefinitions.theLibraryWebappIsOpen()&amp#27;[0m
  &amp#27;[32mGiven &amp#27;[0m&amp#27;[32mthe following books exist on the page:&amp#27;[0m                                     &amp#27;[90m# com.example.StepDefinitions.theFollowingBooksExistOnThePage(io.cucumber.datatable.DataTable)&amp#27;[0m
    | title            | author        | category | published  |
    | Old Book         | Old Author    | History  | 1900-01-01 |
    | Mid Century Book | Mid Author    | History  | 1955-05-05 |
    | Modern Book      | Modern Author | History  | 2005-09-09 |
  &amp#27;[32mWhen &amp#27;[0m&amp#27;[32mI search for books published between &amp#27;[0m&amp#27;[32m&amp#27;[1m1950-01-01&amp#27;[0m&amp#27;[32m and &amp#27;[0m&amp#27;[32m&amp#27;[1m2010-12-31&amp#27;[0m&amp#27;[32m using the UI&amp#27;[0m &amp#27;[90m# com.example.StepDefinitions.iSearchForBooksPublishedBetweenUsingTheUI(java.time.LocalDate,java.time.LocalDate)&amp#27;[0m
  &amp#27;[32mThen &amp#27;[0m&amp#27;[32mI should see &amp#27;[0m&amp#27;[32m&amp#27;[1m2&amp#27;[0m&amp#27;[32m result(s) in the UI&amp#27;[0m                                          &amp#27;[90m# com.example.StepDefinitions.iShouldSeeResultsInTheUI(java.lang.Integer)&amp#27;[0m
]]></system-out>
  </testcase>
</testsuite>