<?xml version="1.0" encoding="UTF-8"?>
<testsuite xmlns:xsi="http://www.w3.org/2001/XMLSchema-instance" xsi:noNamespaceSchemaLocation="https://maven.apache.org/surefire/maven-surefire-plugin/xsd/surefire-test-report.xsd" version="3.0.2" name="test.java.TqsStackTest" time="0.044" tests="8" errors="0" skipped="0" failures="0">
  <properties>
[...]
</properties>
  <testcase name="emptyOnConstruction" classname="test.java.TqsStackTest" time="0.009">
    <system-out><![CDATA[15:26:12.653 [main] DEBUG test.java.TqsStackTest -- Testing emptyOnConstruction in tqs.TqsStack
]]></system-out>
  </testcase>
  <testcase name="pushThenPeek" classname="test.java.TqsStackTest" time="0.001">
    <system-out><![CDATA[15:26:12.660 [main] DEBUG test.java.TqsStackTest -- Testing pushThenPeek in tqs.TqsStack
]]></system-out>
  </testcase>
  <testcase name="pushThenPop" classname="test.java.TqsStackTest" time="0.001">
    <system-out><![CDATA[15:26:12.661 [main] DEBUG test.java.TqsStackTest -- Testing pushThenPop in tqs.TqsStack
]]></system-out>
  </testcase>
  <testcase name="popTopNTest" classname="test.java.TqsStackTest" time="0.001">
    <system-out><![CDATA[15:26:12.662 [main] DEBUG test.java.TqsStackTest -- Testing popTopN in tqs.TqsStack
]]></system-out>
  </testcase>
  <testcase name="popAllElements" classname="test.java.TqsStackTest" time="0.001">
    <system-out><![CDATA[15:26:12.664 [main] DEBUG test.java.TqsStackTest -- Testing popAllElements in tqs.TqsStack
]]></system-out>
  </testcase>
  <testcase name="popEmptyStackThrows" classname="test.java.TqsStackTest" time="0.001">
    <system-out><![CDATA[15:26:12.665 [main] DEBUG test.java.TqsStackTest -- Testing popEmptyStackThrows in tqs.TqsStack
]]></system-out>
  </testcase>
  <testcase name="peekEmptyStackThrows" classname="test.java.TqsStackTest" time="0.001">
    <system-out><![CDATA[15:26:12.667 [main] DEBUG test.java.TqsStackTest -- Testing peekEmptyStackThrows in tqs.TqsStack
]]></system-out>
  </testcase>
  <testcase name="pushElements" classname="test.java.TqsStackTest" time="0.001">
    <system-out><![CDATA[15:26:12.668 [main] DEBUG test.java.TqsStackTest -- Testing pushElements in tqs.TqsStack
]]></system-out>
  </testcase>
</testsuite>