<?xml version="1.0" encoding="UTF-8"?>
<testsuite xmlns:xsi="http://www.w3.org/2001/XMLSchema-instance" xsi:noNamespaceSchemaLocation="https://maven.apache.org/surefire/maven-surefire-plugin/xsd/surefire-test-report.xsd" version="3.0.2" name="TqsStackTest" time="0.233" tests="8" errors="0" skipped="0" failures="0">
  <properties>
[...]
</properties>
  <testcase name="emptyOnConstruction" classname="TqsStackTest" time="0.042">
    <system-out><![CDATA[16:41:06.870 [main] DEBUG TqsStackTest -- Testing emptyOnConstruction in tqs.TqsStack
]]></system-out>
  </testcase>
  <testcase name="pushThenPeek" classname="TqsStackTest" time="0.006">
    <system-out><![CDATA[16:41:06.890 [main] DEBUG TqsStackTest -- Testing pushThenPeek in tqs.TqsStack
]]></system-out>
  </testcase>
  <testcase name="pushThenPop" classname="TqsStackTest" time="0.002">
    <system-out><![CDATA[16:41:06.896 [main] DEBUG TqsStackTest -- Testing pushThenPop in tqs.TqsStack
]]></system-out>
  </testcase>
  <testcase name="popTopNTest" classname="TqsStackTest" time="0.004">
    <system-out><![CDATA[16:41:06.901 [main] DEBUG TqsStackTest -- Testing popTopN in tqs.TqsStack
]]></system-out>
  </testcase>
  <testcase name="popAllElements" classname="TqsStackTest" time="0.002">
    <system-out><![CDATA[16:41:06.907 [main] DEBUG TqsStackTest -- Testing popAllElements in tqs.TqsStack
]]></system-out>
  </testcase>
  <testcase name="popEmptyStackThrows" classname="TqsStackTest" time="0.007">
    <system-out><![CDATA[16:41:06.912 [main] DEBUG TqsStackTest -- Testing popEmptyStackThrows in tqs.TqsStack
]]></system-out>
  </testcase>
  <testcase name="peekEmptyStackThrows" classname="TqsStackTest" time="0.003">
    <system-out><![CDATA[16:41:06.918 [main] DEBUG TqsStackTest -- Testing peekEmptyStackThrows in tqs.TqsStack
]]></system-out>
  </testcase>
  <testcase name="pushElements" classname="TqsStackTest" time="0.003">
    <system-out><![CDATA[16:41:06.924 [main] DEBUG TqsStackTest -- Testing pushElements in tqs.TqsStack
]]></system-out>
  </testcase>
</testsuite>